<?xml version="1.0" encoding="UTF-8"?>
<testng-results skipped="0" failed="1" ignored="0" total="8" passed="7">
  <reporter-output>
  </reporter-output>
  <suite name="nopcommerace" duration-ms="56266" started-at="2020-09-03T12:45:36Z" finished-at="2020-09-03T12:46:32Z">
    <groups>
    </groups>
    <test name="TC_LoginPage_001" duration-ms="21879" started-at="2020-09-03T12:45:36Z" finished-at="2020-09-03T12:45:57Z">
      <class name="com.testcases.TC_LoginPage_001">
        <test-method status="PASS" signature="setup(java.lang.String)[pri:0, instance:com.testcases.TC_LoginPage_001@5fbe4146]" name="setup" is-config="true" duration-ms="7256" started-at="2020-09-03T12:45:36Z" finished-at="2020-09-03T12:45:43Z">
          <params>
            <param index="0">
              <value>
                <![CDATA[chrome]]>
              </value>
            </param>
          </params>
          <reporter-output>
          </reporter-output>
        </test-method> <!-- setup -->
        <test-method status="FAIL" signature="loginTest()[pri:0, instance:com.testcases.TC_LoginPage_001@5fbe4146]" name="loginTest" duration-ms="13839" started-at="2020-09-03T12:45:43Z" finished-at="2020-09-03T12:45:57Z">
          <exception class="java.lang.AssertionError">
            <message>
              <![CDATA[expected [true] but found [false]]]>
            </message>
            <full-stacktrace>
              <![CDATA[java.lang.AssertionError: expected [true] but found [false]
at org.testng.Assert.fail(Assert.java:96)
at org.testng.Assert.failNotEquals(Assert.java:776)
at org.testng.Assert.assertTrue(Assert.java:44)
at org.testng.Assert.assertTrue(Assert.java:54)
at com.testcases.TC_LoginPage_001.loginTest(TC_LoginPage_001.java:37)
at sun.reflect.NativeMethodAccessorImpl.invoke0(Native Method)
at sun.reflect.NativeMethodAccessorImpl.invoke(NativeMethodAccessorImpl.java:62)
at sun.reflect.DelegatingMethodAccessorImpl.invoke(DelegatingMethodAccessorImpl.java:43)
at java.lang.reflect.Method.invoke(Method.java:498)
at org.testng.internal.MethodInvocationHelper.invokeMethod(MethodInvocationHelper.java:124)
at org.testng.internal.Invoker.invokeMethod(Invoker.java:583)
at org.testng.internal.Invoker.invokeTestMethod(Invoker.java:719)
at org.testng.internal.Invoker.invokeTestMethods(Invoker.java:989)
at org.testng.internal.TestMethodWorker.invokeTestMethods(TestMethodWorker.java:125)
at org.testng.internal.TestMethodWorker.run(TestMethodWorker.java:109)
at org.testng.TestRunner.privateRun(TestRunner.java:648)
at org.testng.TestRunner.run(TestRunner.java:505)
at org.testng.SuiteRunner.runTest(SuiteRunner.java:455)
at org.testng.SuiteRunner.access$000(SuiteRunner.java:40)
at org.testng.SuiteRunner$SuiteWorker.run(SuiteRunner.java:489)
at org.testng.internal.thread.ThreadUtil$1.call(ThreadUtil.java:52)
at java.util.concurrent.FutureTask.run(FutureTask.java:266)
at java.util.concurrent.ThreadPoolExecutor.runWorker(ThreadPoolExecutor.java:1149)
at java.util.concurrent.ThreadPoolExecutor$Worker.run(ThreadPoolExecutor.java:624)
at java.lang.Thread.run(Thread.java:748)
]]>
            </full-stacktrace>
          </exception> <!-- java.lang.AssertionError -->
          <reporter-output>
          </reporter-output>
        </test-method> <!-- loginTest -->
        <test-method status="PASS" signature="tearDown()[pri:0, instance:com.testcases.TC_LoginPage_001@5fbe4146]" name="tearDown" is-config="true" duration-ms="655" started-at="2020-09-03T12:45:57Z" finished-at="2020-09-03T12:45:57Z">
          <reporter-output>
          </reporter-output>
        </test-method> <!-- tearDown -->
      </class> <!-- com.testcases.TC_LoginPage_001 -->
    </test> <!-- TC_LoginPage_001 -->
    <test name="TC_SearchCustomerByName_005" duration-ms="24176" started-at="2020-09-03T12:45:36Z" finished-at="2020-09-03T12:46:00Z">
      <class name="com.testcases.TC_SearchCustomerByName_005">
        <test-method status="PASS" signature="setup(java.lang.String)[pri:0, instance:com.testcases.TC_SearchCustomerByName_005@1ebd319f]" name="setup" is-config="true" duration-ms="7107" started-at="2020-09-03T12:45:36Z" finished-at="2020-09-03T12:45:43Z">
          <params>
            <param index="0">
              <value>
                <![CDATA[chrome]]>
              </value>
            </param>
          </params>
          <reporter-output>
          </reporter-output>
        </test-method> <!-- setup -->
        <test-method status="PASS" signature="searchCustomerbyName()[pri:0, instance:com.testcases.TC_SearchCustomerByName_005@1ebd319f]" name="searchCustomerbyName" duration-ms="16348" started-at="2020-09-03T12:45:43Z" finished-at="2020-09-03T12:45:59Z">
          <reporter-output>
          </reporter-output>
        </test-method> <!-- searchCustomerbyName -->
        <test-method status="PASS" signature="tearDown()[pri:0, instance:com.testcases.TC_SearchCustomerByName_005@1ebd319f]" name="tearDown" is-config="true" duration-ms="676" started-at="2020-09-03T12:45:59Z" finished-at="2020-09-03T12:46:00Z">
          <reporter-output>
          </reporter-output>
        </test-method> <!-- tearDown -->
      </class> <!-- com.testcases.TC_SearchCustomerByName_005 -->
    </test> <!-- TC_SearchCustomerByName_005 -->
    <test name="TC_SearchCustomerByEmail_004" duration-ms="27666" started-at="2020-09-03T12:45:36Z" finished-at="2020-09-03T12:46:03Z">
      <class name="com.testcases.TC_SearchCustomerByEmail_004">
        <test-method status="PASS" signature="setup(java.lang.String)[pri:0, instance:com.testcases.TC_SearchCustomerByEmail_004@762ef0ea]" name="setup" is-config="true" duration-ms="6680" started-at="2020-09-03T12:45:36Z" finished-at="2020-09-03T12:45:42Z">
          <params>
            <param index="0">
              <value>
                <![CDATA[chrome]]>
              </value>
            </param>
          </params>
          <reporter-output>
          </reporter-output>
        </test-method> <!-- setup -->
        <test-method status="PASS" signature="searchCustomerbyEmail()[pri:0, instance:com.testcases.TC_SearchCustomerByEmail_004@762ef0ea]" name="searchCustomerbyEmail" duration-ms="20217" started-at="2020-09-03T12:45:42Z" finished-at="2020-09-03T12:46:03Z">
          <reporter-output>
          </reporter-output>
        </test-method> <!-- searchCustomerbyEmail -->
        <test-method status="PASS" signature="tearDown()[pri:0, instance:com.testcases.TC_SearchCustomerByEmail_004@762ef0ea]" name="tearDown" is-config="true" duration-ms="657" started-at="2020-09-03T12:46:03Z" finished-at="2020-09-03T12:46:03Z">
          <reporter-output>
          </reporter-output>
        </test-method> <!-- tearDown -->
      </class> <!-- com.testcases.TC_SearchCustomerByEmail_004 -->
    </test> <!-- TC_SearchCustomerByEmail_004 -->
    <test name="TC_AddCustomerTest_003" duration-ms="41606" started-at="2020-09-03T12:45:36Z" finished-at="2020-09-03T12:46:17Z">
      <class name="com.testcases.TC_AddCustomerTest_003">
        <test-method status="PASS" signature="setup(java.lang.String)[pri:0, instance:com.testcases.TC_AddCustomerTest_003@5c90e579]" name="setup" is-config="true" duration-ms="7315" started-at="2020-09-03T12:45:36Z" finished-at="2020-09-03T12:45:43Z">
          <params>
            <param index="0">
              <value>
                <![CDATA[chrome]]>
              </value>
            </param>
          </params>
          <reporter-output>
          </reporter-output>
        </test-method> <!-- setup -->
        <test-method status="PASS" signature="addNewCustomer()[pri:0, instance:com.testcases.TC_AddCustomerTest_003@5c90e579]" name="addNewCustomer" duration-ms="33603" started-at="2020-09-03T12:45:43Z" finished-at="2020-09-03T12:46:17Z">
          <reporter-output>
          </reporter-output>
        </test-method> <!-- addNewCustomer -->
        <test-method status="PASS" signature="tearDown()[pri:0, instance:com.testcases.TC_AddCustomerTest_003@5c90e579]" name="tearDown" is-config="true" duration-ms="643" started-at="2020-09-03T12:46:17Z" finished-at="2020-09-03T12:46:17Z">
          <reporter-output>
          </reporter-output>
        </test-method> <!-- tearDown -->
      </class> <!-- com.testcases.TC_AddCustomerTest_003 -->
    </test> <!-- TC_AddCustomerTest_003 -->
    <test name="TC_LoginDDT_002" duration-ms="56266" started-at="2020-09-03T12:45:36Z" finished-at="2020-09-03T12:46:32Z">
      <class name="com.testcases.TC_LoginDDT_002">
        <test-method status="PASS" signature="setup(java.lang.String)[pri:0, instance:com.testcases.TC_LoginDDT_002@ed7f8b4]" name="setup" is-config="true" duration-ms="7107" started-at="2020-09-03T12:45:36Z" finished-at="2020-09-03T12:45:43Z">
          <params>
            <param index="0">
              <value>
                <![CDATA[chrome]]>
              </value>
            </param>
          </params>
          <reporter-output>
          </reporter-output>
        </test-method> <!-- setup -->
        <test-method status="PASS" signature="loginTest(java.lang.String, java.lang.String, java.lang.String)[pri:0, instance:com.testcases.TC_LoginDDT_002@ed7f8b4]" name="loginTest" duration-ms="22882" started-at="2020-09-03T12:45:44Z" data-provider="LoginData" finished-at="2020-09-03T12:46:07Z">
          <params>
            <param index="0">
              <value>
                <![CDATA[admin@yourstore.com ]]>
              </value>
            </param>
            <param index="1">
              <value>
                <![CDATA[admin]]>
              </value>
            </param>
            <param index="2">
              <value>
                <![CDATA[Pass]]>
              </value>
            </param>
          </params>
          <reporter-output>
          </reporter-output>
        </test-method> <!-- loginTest -->
        <test-method status="PASS" signature="loginTest(java.lang.String, java.lang.String, java.lang.String)[pri:0, instance:com.testcases.TC_LoginDDT_002@ed7f8b4]" name="loginTest" duration-ms="8746" started-at="2020-09-03T12:46:07Z" data-provider="LoginData" finished-at="2020-09-03T12:46:16Z">
          <params>
            <param index="0">
              <value>
                <![CDATA[admin@yourstore.com ]]>
              </value>
            </param>
            <param index="1">
              <value>
                <![CDATA[adm]]>
              </value>
            </param>
            <param index="2">
              <value>
                <![CDATA[Fail]]>
              </value>
            </param>
          </params>
          <reporter-output>
          </reporter-output>
        </test-method> <!-- loginTest -->
        <test-method status="PASS" signature="loginTest(java.lang.String, java.lang.String, java.lang.String)[pri:0, instance:com.testcases.TC_LoginDDT_002@ed7f8b4]" name="loginTest" duration-ms="7900" started-at="2020-09-03T12:46:16Z" data-provider="LoginData" finished-at="2020-09-03T12:46:23Z">
          <params>
            <param index="0">
              <value>
                <![CDATA[adm@yourstore.com]]>
              </value>
            </param>
            <param index="1">
              <value>
                <![CDATA[admin]]>
              </value>
            </param>
            <param index="2">
              <value>
                <![CDATA[Fail]]>
              </value>
            </param>
          </params>
          <reporter-output>
          </reporter-output>
        </test-method> <!-- loginTest -->
        <test-method status="PASS" signature="loginTest(java.lang.String, java.lang.String, java.lang.String)[pri:0, instance:com.testcases.TC_LoginDDT_002@ed7f8b4]" name="loginTest" duration-ms="7761" started-at="2020-09-03T12:46:23Z" data-provider="LoginData" finished-at="2020-09-03T12:46:31Z">
          <params>
            <param index="0">
              <value>
                <![CDATA[adm@yourstore.com]]>
              </value>
            </param>
            <param index="1">
              <value>
                <![CDATA[adm]]>
              </value>
            </param>
            <param index="2">
              <value>
                <![CDATA[Fail]]>
              </value>
            </param>
          </params>
          <reporter-output>
          </reporter-output>
        </test-method> <!-- loginTest -->
        <test-method status="PASS" signature="tearDown()[pri:0, instance:com.testcases.TC_LoginDDT_002@ed7f8b4]" name="tearDown" is-config="true" duration-ms="666" started-at="2020-09-03T12:46:31Z" finished-at="2020-09-03T12:46:32Z">
          <reporter-output>
          </reporter-output>
        </test-method> <!-- tearDown -->
      </class> <!-- com.testcases.TC_LoginDDT_002 -->
    </test> <!-- TC_LoginDDT_002 -->
  </suite> <!-- nopcommerace -->
</testng-results>
